<?xml version="1.0" encoding="UTF-8"?>
<testng-results skipped="0" failed="0" total="1" passed="1">
  <reporter-output>
  </reporter-output>
  <suite name="Default suite" duration-ms="27710" started-at="2018-10-22T02:34:26Z" finished-at="2018-10-22T02:34:54Z">
    <groups>
    </groups>
    <test name="Default test" duration-ms="27710" started-at="2018-10-22T02:34:26Z" finished-at="2018-10-22T02:34:54Z">
      <class name="Academy.Navigationbartitlevalidation">
        <test-method status="PASS" signature="Driverinitialization()[pri:0, instance:Academy.Navigationbartitlevalidation@58ea606c]" name="Driverinitialization" is-config="true" duration-ms="24196" started-at="2018-10-21T22:34:26Z" finished-at="2018-10-21T22:34:50Z">
          <reporter-output>
          </reporter-output>
        </test-method> <!-- Driverinitialization -->
        <test-method status="PASS" signature="Validatenavigation()[pri:0, instance:Academy.Navigationbartitlevalidation@58ea606c]" name="Validatenavigation" duration-ms="546" started-at="2018-10-21T22:34:50Z" finished-at="2018-10-21T22:34:51Z">
          <reporter-output>
          </reporter-output>
        </test-method> <!-- Validatenavigation -->
        <test-method status="PASS" signature="teardown()[pri:0, instance:Academy.Navigationbartitlevalidation@58ea606c]" name="teardown" is-config="true" duration-ms="2923" started-at="2018-10-21T22:34:51Z" finished-at="2018-10-21T22:34:54Z">
          <reporter-output>
          </reporter-output>
        </test-method> <!-- teardown -->
      </class> <!-- Academy.Navigationbartitlevalidation -->
    </test> <!-- Default test -->
  </suite> <!-- Default suite -->
</testng-results>
